2021-09-10 09:37:33,567 test_login.py [line:26] INFO ----------开始执行测试用例----------
2021-09-10 09:37:34,575 test_login.py [line:50] INFO msj登陆成功
2021-09-10 09:37:34,575 test_login.py [line:29] INFO ----------pass----------
2021-09-10 09:37:38,000 sendmail.py [line:56] INFO 测试报告邮件发送成功
2021-09-10 09:44:40,485 test_syb_server.py [line:28] INFO ----------开始执行测试用例----------
2021-09-10 09:44:43,724 test_syb_server.py [line:46] INFO syb执行成功
2021-09-10 09:44:43,984 test_syb_server.py [line:32] INFO ----------pass----------
2021-09-10 09:51:07,874 test_login.py [line:26] INFO ----------开始执行测试用例----------
2021-09-10 09:51:08,818 test_login.py [line:51] INFO msj登陆成功
2021-09-10 09:51:08,818 test_login.py [line:30] INFO ---------------pass--------------
2021-09-10 09:51:17,832 test_syb_server.py [line:28] INFO ----------开始执行测试用例----------
2021-09-10 09:51:21,764 test_syb_server.py [line:46] INFO syb执行成功
2021-09-10 09:51:21,947 test_syb_server.py [line:32] INFO ---------------pass--------------
2021-09-10 09:51:30,763 test_tool_thesaurus.py [line:27] INFO ----------开始执行测试用例----------
2021-09-10 09:51:33,896 test_tool_thesaurus.py [line:49] INFO TOP20w查询成功
2021-09-10 09:51:33,897 test_tool_thesaurus.py [line:31] INFO ---------------pass--------------
2021-09-10 09:51:42,779 test_tool_wang.py [line:27] INFO ----------开始执行测试用例----------
2021-09-10 09:51:46,346 test_tool_wang.py [line:45] INFO 旺旺照妖镜查询成功
2021-09-10 09:51:46,347 test_tool_wang.py [line:31] INFO ---------------pass--------------
2021-09-10 09:51:52,204 sendmail.py [line:56] INFO 测试报告邮件发送成功
